TN:
SF:cli/reset.js
FNF:0
FNH:0
DA:1,1
DA:2,1
DA:3,1
DA:4,1
DA:5,1
DA:6,1
DA:7,1
DA:8,1
DA:9,1
DA:10,1
DA:11,1
DA:12,1
DA:13,1
DA:14,1
LF:14
LH:14
BRDA:1,0,0,1
BRDA:11,1,0,1
BRDA:11,2,0,1
BRF:3
BRH:3
end_of_record
TN:
SF:server/app.js
FNF:0
FNH:0
DA:1,1
DA:2,1
DA:3,1
DA:4,1
DA:5,1
DA:6,1
DA:7,1
DA:8,1
DA:9,1
DA:10,1
DA:11,1
DA:12,1
DA:13,1
DA:14,1
DA:15,1
DA:16,1
DA:17,1
DA:18,1
DA:19,1
DA:20,1
DA:21,1
LF:21
LH:21
BRDA:1,0,0,1
BRDA:17,1,0,1
BRF:2
BRH:2
end_of_record
TN:
SF:server/lib/auth.js
FN:23,getAuth
FN:36,getTokens
FN:54,verifyToken
FN:70,auth
FNF:4
FNH:4
FNDA:6,getAuth
FNDA:6,getTokens
FNDA:5,verifyToken
FNDA:6,auth
DA:1,1
DA:2,1
DA:3,1
DA:4,1
DA:5,1
DA:6,1
DA:7,1
DA:8,1
DA:9,1
DA:10,1
DA:11,1
DA:12,1
DA:13,1
DA:14,1
DA:15,1
DA:16,1
DA:17,1
DA:18,1
DA:19,1
DA:20,1
DA:21,1
DA:22,1
DA:23,6
DA:24,6
DA:25,6
DA:26,2
DA:27,2
DA:28,6
DA:29,1
DA:30,1
DA:31,1
DA:32,1
DA:33,1
DA:34,1
DA:35,1
DA:36,6
DA:37,6
DA:38,6
DA:39,6
DA:40,1
DA:41,1
DA:42,1
DA:43,1
DA:44,6
DA:45,6
DA:46,1
DA:47,1
DA:48,1
DA:49,1
DA:50,1
DA:51,1
DA:52,1
DA:53,1
DA:54,5
DA:55,5
DA:56,5
DA:57,5
DA:58,5
DA:59,5
DA:60,5
DA:61,1
DA:62,1
DA:63,1
DA:64,1
DA:65,1
DA:66,1
DA:67,1
DA:68,1
DA:69,1
DA:70,1
DA:71,6
DA:72,6
DA:73,1
DA:74,1
DA:75,6
DA:76,6
DA:77,6
DA:78,6
DA:79,6
DA:80,6
DA:81,6
DA:82,6
DA:83,6
DA:84,5
DA:85,6
DA:86,1
DA:87,1
DA:88,6
LF:88
LH:88
BRDA:1,0,0,1
BRDA:23,1,0,6
BRDA:25,2,0,2
BRDA:25,3,0,2
BRDA:36,4,0,6
BRDA:42,5,0,1
BRDA:54,6,0,5
BRDA:70,7,0,6
BRDA:72,8,0,1
BRDA:84,9,0,5
BRDA:85,10,0,1
BRDA:77,11,0,5
BRF:12
BRH:12
end_of_record
TN:
SF:server/middleware/close.js
FN:4,close
FNF:1
FNH:1
FNDA:4,close
DA:1,1
DA:2,1
DA:3,1
DA:4,1
DA:5,1
DA:6,1
DA:7,1
DA:8,4
LF:8
LH:8
BRDA:1,0,0,1
BRDA:4,1,0,4
BRDA:6,2,0,1
BRF:3
BRH:3
end_of_record
TN:
SF:server/middleware/message.js
FN:10,prepare
FN:29,message
FNF:2
FNH:2
FNDA:6,prepare
FNDA:6,message
DA:1,1
DA:2,1
DA:3,1
DA:4,1
DA:5,1
DA:6,1
DA:7,1
DA:8,1
DA:9,1
DA:10,6
DA:11,6
DA:12,6
DA:13,6
DA:14,6
DA:15,6
DA:16,6
DA:17,6
DA:18,6
DA:19,6
DA:20,6
DA:21,6
DA:22,6
DA:23,6
DA:24,6
DA:25,6
DA:26,6
DA:27,6
DA:28,1
DA:29,1
DA:30,6
DA:31,6
DA:32,6
DA:33,2
DA:34,2
DA:35,3
DA:36,6
DA:37,6
DA:38,6
DA:39,6
DA:40,6
DA:41,6
DA:42,6
DA:43,6
DA:44,6
DA:45,1
DA:46,6
DA:47,2
DA:48,2
DA:49,6
DA:50,3
DA:51,3
DA:52,3
DA:53,3
DA:54,3
DA:55,3
DA:56,3
DA:57,3
DA:58,3
DA:59,3
DA:60,6
LF:60
LH:60
BRDA:1,0,0,1
BRDA:10,1,0,6
BRDA:29,2,0,6
BRDA:32,3,0,2
BRDA:33,4,0,1
BRDA:35,5,0,3
BRDA:36,6,0,1
BRDA:36,7,0,2
BRDA:44,8,0,1
BRDA:46,9,0,2
BRDA:49,10,0,3
BRF:11
BRH:11
end_of_record
TN:
SF:server/middleware/open.js
FN:3,open
FNF:1
FNH:1
FNDA:4,open
DA:1,1
DA:2,1
DA:3,1
DA:4,4
DA:5,4
DA:6,4
DA:7,4
DA:8,4
LF:8
LH:8
BRDA:1,0,0,1
BRDA:3,1,0,4
BRF:2
BRH:2
end_of_record
TN:
SF:server/middleware/upgrade.js
FN:6,upgrade
FNF:1
FNH:1
FNDA:6,upgrade
DA:1,1
DA:2,1
DA:3,1
DA:4,1
DA:5,1
DA:6,1
DA:7,6
DA:8,6
DA:9,6
DA:10,6
DA:11,6
DA:12,1
DA:13,6
DA:14,6
DA:15,6
DA:16,6
DA:17,6
DA:18,6
DA:19,6
DA:20,6
DA:21,6
DA:22,6
DA:23,6
DA:24,6
DA:25,6
DA:26,6
DA:27,6
DA:28,6
DA:29,6
DA:30,6
DA:31,6
DA:32,6
DA:33,6
DA:34,6
DA:35,6
DA:36,6
DA:37,6
DA:38,5
DA:39,5
DA:40,6
DA:41,6
DA:42,1
DA:43,1
DA:44,1
DA:45,6
DA:46,6
DA:47,6
DA:48,1
DA:49,1
DA:50,1
DA:51,5
DA:52,5
DA:53,5
DA:54,4
DA:55,4
DA:56,4
DA:57,4
DA:58,4
DA:59,4
DA:60,4
DA:61,4
DA:62,4
DA:63,5
DA:64,1
DA:65,1
DA:66,5
DA:67,6
DA:68,6
LF:68
LH:68
BRDA:1,0,0,1
BRDA:6,1,0,6
BRDA:27,2,0,1
BRDA:27,3,0,5
BRDA:28,4,0,2
BRDA:28,5,0,4
BRDA:11,6,0,1
BRDA:37,7,0,5
BRDA:41,8,0,1
BRDA:46,9,0,6
BRDA:47,10,0,1
BRDA:51,11,0,5
BRDA:52,12,0,5
BRDA:53,13,0,4
BRDA:63,14,0,1
BRF:15
BRH:15
end_of_record
